F:\CODE\VLC-3.0.6-WIN32\VLC-3.0.6\VLC DEMO\DEBUG\VLC DEMO.EXE
F:\CODE\VLC-3.0.6-WIN32\VLC-3.0.6\VLC DEMO\DEBUG\VLC DEMO.ILK
F:\CODE\VLC-3.0.6-WIN32\VLC-3.0.6\VLC DEMO\DEBUG\VLC DEMO.PDB
F:\code\vlc-3.0.6-win32\vlc-3.0.6\vlc demo\vlc demo\Debug\cl.command.1.tlog
F:\code\vlc-3.0.6-win32\vlc-3.0.6\vlc demo\vlc demo\Debug\CL.read.1.tlog
F:\code\vlc-3.0.6-win32\vlc-3.0.6\vlc demo\vlc demo\Debug\CL.write.1.tlog
F:\code\vlc-3.0.6-win32\vlc-3.0.6\vlc demo\vlc demo\Debug\link.31484.read.1.tlog
F:\code\vlc-3.0.6-win32\vlc-3.0.6\vlc demo\vlc demo\Debug\link.31484.write.1.tlog
F:\code\vlc-3.0.6-win32\vlc-3.0.6\vlc demo\vlc demo\Debug\link.31484-cvtres.read.1.tlog
F:\code\vlc-3.0.6-win32\vlc-3.0.6\vlc demo\vlc demo\Debug\link.31484-cvtres.write.1.tlog
F:\code\vlc-3.0.6-win32\vlc-3.0.6\vlc demo\vlc demo\Debug\link.command.1.tlog
F:\code\vlc-3.0.6-win32\vlc-3.0.6\vlc demo\vlc demo\Debug\link.read.1.tlog
F:\code\vlc-3.0.6-win32\vlc-3.0.6\vlc demo\vlc demo\Debug\link.write.1.tlog
F:\code\vlc-3.0.6-win32\vlc-3.0.6\vlc demo\vlc demo\Debug\link-cvtres.read.1.tlog
F:\code\vlc-3.0.6-win32\vlc-3.0.6\vlc demo\vlc demo\Debug\link-cvtres.write.1.tlog
F:\code\vlc-3.0.6-win32\vlc-3.0.6\vlc demo\vlc demo\Debug\mt.command.1.tlog
F:\code\vlc-3.0.6-win32\vlc-3.0.6\vlc demo\vlc demo\Debug\mt.read.1.tlog
F:\code\vlc-3.0.6-win32\vlc-3.0.6\vlc demo\vlc demo\Debug\mt.write.1.tlog
F:\code\vlc-3.0.6-win32\vlc-3.0.6\vlc demo\vlc demo\Debug\rc.command.1.tlog
F:\code\vlc-3.0.6-win32\vlc-3.0.6\vlc demo\vlc demo\Debug\rc.read.1.tlog
F:\code\vlc-3.0.6-win32\vlc-3.0.6\vlc demo\vlc demo\Debug\rc.write.1.tlog
F:\CODE\VLC-3.0.6-WIN32\VLC-3.0.6\VLC DEMO\VLC DEMO\DEBUG\STDAFX.OBJ
F:\code\vlc-3.0.6-win32\vlc-3.0.6\vlc demo\vlc demo\Debug\vc100.idb
F:\CODE\VLC-3.0.6-WIN32\VLC-3.0.6\VLC DEMO\VLC DEMO\DEBUG\VC100.PDB
F:\CODE\VLC-3.0.6-WIN32\VLC-3.0.6\VLC DEMO\VLC DEMO\DEBUG\VLC DEMO.EXE.EMBED.MANIFEST
F:\CODE\VLC-3.0.6-WIN32\VLC-3.0.6\VLC DEMO\VLC DEMO\DEBUG\VLC DEMO.EXE.EMBED.MANIFEST.RES
F:\CODE\VLC-3.0.6-WIN32\VLC-3.0.6\VLC DEMO\VLC DEMO\DEBUG\VLC DEMO.EXE.INTERMEDIATE.MANIFEST
F:\CODE\VLC-3.0.6-WIN32\VLC-3.0.6\VLC DEMO\VLC DEMO\DEBUG\VLC DEMO.OBJ
F:\CODE\VLC-3.0.6-WIN32\VLC-3.0.6\VLC DEMO\VLC DEMO\DEBUG\VLC DEMO.PCH
F:\code\vlc-3.0.6-win32\vlc-3.0.6\vlc demo\vlc demo\Debug\vlc demo.write.1.tlog
F:\code\vlc-3.0.6-win32\vlc-3.0.6\vlc demo\vlc demo\Debug\vlc demo_manifest.rc
